2021-01-22 17:02:02,181 INFO  [Log] Test called: Testing the authentication has started 
2021-01-22 17:02:09,631 INFO  [Log] Navigating to http://automationpractice.com 
2021-01-22 17:02:14,147 INFO  [DefaultTestContextBootstrapper] Loaded default TestExecutionListener class names from location [META-INF/spring.factories]: [org.springframework.test.context.web.ServletTestExecutionListener, org.springframework.test.context.support.DirtiesContextBeforeModesTestExecutionListener, org.springframework.test.context.support.DependencyInjectionTestExecutionListener, org.springframework.test.context.support.DirtiesContextTestExecutionListener, org.springframework.test.context.transaction.TransactionalTestExecutionListener, org.springframework.test.context.jdbc.SqlScriptsTestExecutionListener] 
2021-01-22 17:02:14,148 INFO  [DefaultTestContextBootstrapper] Could not instantiate TestExecutionListener [org.springframework.test.context.web.ServletTestExecutionListener]. Specify custom listener classes or make the default listener classes (and their required dependencies) available. Offending class: [javax/servlet/ServletContext] 
2021-01-22 17:02:14,148 INFO  [DefaultTestContextBootstrapper] Could not instantiate TestExecutionListener [org.springframework.test.context.transaction.TransactionalTestExecutionListener]. Specify custom listener classes or make the default listener classes (and their required dependencies) available. Offending class: [org/springframework/transaction/interceptor/TransactionAttributeSource] 
2021-01-22 17:02:14,149 INFO  [DefaultTestContextBootstrapper] Could not instantiate TestExecutionListener [org.springframework.test.context.jdbc.SqlScriptsTestExecutionListener]. Specify custom listener classes or make the default listener classes (and their required dependencies) available. Offending class: [org/springframework/transaction/interceptor/TransactionAttribute] 
2021-01-22 17:02:14,149 INFO  [DefaultTestContextBootstrapper] Using TestExecutionListeners: [org.springframework.test.context.support.DirtiesContextBeforeModesTestExecutionListener@352ed70d, org.springframework.test.context.support.DependencyInjectionTestExecutionListener@70730db, org.springframework.test.context.support.DirtiesContextTestExecutionListener@5793b87] 
2021-01-22 17:02:14,149 INFO  [DefaultListableBeanFactory] Replacing scope 'cucumber-glue' from [cucumber.runtime.java.spring.GlueCodeScope@1852a3ff] to [cucumber.runtime.java.spring.GlueCodeScope@512575e9] 
2021-01-22 17:02:19,430 INFO  [Log] Test called: Testing the purchase of two items has started 
2021-01-28 17:12:05,482 INFO  [Log] Test called: Testing the authentication has started 
2021-01-28 17:12:09,019 INFO  [DefaultTestContextBootstrapper] Loaded default TestExecutionListener class names from location [META-INF/spring.factories]: [org.springframework.test.context.web.ServletTestExecutionListener, org.springframework.test.context.support.DirtiesContextBeforeModesTestExecutionListener, org.springframework.test.context.support.DependencyInjectionTestExecutionListener, org.springframework.test.context.support.DirtiesContextTestExecutionListener, org.springframework.test.context.transaction.TransactionalTestExecutionListener, org.springframework.test.context.jdbc.SqlScriptsTestExecutionListener] 
2021-01-28 17:12:09,019 INFO  [DefaultTestContextBootstrapper] Could not instantiate TestExecutionListener [org.springframework.test.context.web.ServletTestExecutionListener]. Specify custom listener classes or make the default listener classes (and their required dependencies) available. Offending class: [javax/servlet/ServletContext] 
2021-01-28 17:12:09,019 INFO  [DefaultTestContextBootstrapper] Could not instantiate TestExecutionListener [org.springframework.test.context.jdbc.SqlScriptsTestExecutionListener]. Specify custom listener classes or make the default listener classes (and their required dependencies) available. Offending class: [org/springframework/transaction/interceptor/TransactionAttribute] 
2021-01-28 17:12:09,020 INFO  [DefaultTestContextBootstrapper] Could not instantiate TestExecutionListener [org.springframework.test.context.transaction.TransactionalTestExecutionListener]. Specify custom listener classes or make the default listener classes (and their required dependencies) available. Offending class: [org/springframework/transaction/interceptor/TransactionAttributeSource] 
2021-01-28 17:12:09,020 INFO  [DefaultTestContextBootstrapper] Using TestExecutionListeners: [org.springframework.test.context.support.DirtiesContextBeforeModesTestExecutionListener@201aa8c1, org.springframework.test.context.support.DependencyInjectionTestExecutionListener@5d58c727, org.springframework.test.context.support.DirtiesContextTestExecutionListener@52a36910] 
2021-01-28 17:12:09,020 INFO  [DefaultListableBeanFactory] Replacing scope 'cucumber-glue' from [cucumber.runtime.java.spring.GlueCodeScope@7fd50002] to [cucumber.runtime.java.spring.GlueCodeScope@4f20a5e0] 
2021-01-28 20:45:05,769 INFO  [Log] Test called: Testing the authentication has started 
2021-01-28 20:45:13,952 INFO  [Log] INFO: Navigating to http://automationpractice.com 
2021-01-28 20:45:23,745 INFO  [DefaultTestContextBootstrapper] Loaded default TestExecutionListener class names from location [META-INF/spring.factories]: [org.springframework.test.context.web.ServletTestExecutionListener, org.springframework.test.context.support.DirtiesContextBeforeModesTestExecutionListener, org.springframework.test.context.support.DependencyInjectionTestExecutionListener, org.springframework.test.context.support.DirtiesContextTestExecutionListener, org.springframework.test.context.transaction.TransactionalTestExecutionListener, org.springframework.test.context.jdbc.SqlScriptsTestExecutionListener] 
2021-01-28 20:45:23,745 INFO  [DefaultTestContextBootstrapper] Could not instantiate TestExecutionListener [org.springframework.test.context.web.ServletTestExecutionListener]. Specify custom listener classes or make the default listener classes (and their required dependencies) available. Offending class: [javax/servlet/ServletContext] 
2021-01-28 20:45:23,746 INFO  [DefaultTestContextBootstrapper] Could not instantiate TestExecutionListener [org.springframework.test.context.transaction.TransactionalTestExecutionListener]. Specify custom listener classes or make the default listener classes (and their required dependencies) available. Offending class: [org/springframework/transaction/interceptor/TransactionAttributeSource] 
2021-01-28 20:45:23,746 INFO  [DefaultTestContextBootstrapper] Could not instantiate TestExecutionListener [org.springframework.test.context.jdbc.SqlScriptsTestExecutionListener]. Specify custom listener classes or make the default listener classes (and their required dependencies) available. Offending class: [org/springframework/transaction/interceptor/TransactionAttribute] 
2021-01-28 20:45:23,746 INFO  [DefaultTestContextBootstrapper] Using TestExecutionListeners: [org.springframework.test.context.support.DirtiesContextBeforeModesTestExecutionListener@1c8f6a90, org.springframework.test.context.support.DependencyInjectionTestExecutionListener@3050ac2f, org.springframework.test.context.support.DirtiesContextTestExecutionListener@265bd546] 
2021-01-28 20:45:23,746 INFO  [DefaultListableBeanFactory] Replacing scope 'cucumber-glue' from [cucumber.runtime.java.spring.GlueCodeScope@55dfcc6] to [cucumber.runtime.java.spring.GlueCodeScope@7e0bc8a3] 
2021-01-28 20:45:28,953 INFO  [Log] Test called: Testing the purchase of two items has started 
2021-01-28 20:45:36,224 INFO  [Log] INFO: Navigating to http://automationpractice.com 
2021-01-28 20:46:01,248 INFO  [GenericApplicationContext] Closing org.springframework.context.support.GenericApplicationContext@4d02f94e: startup date [Thu Jan 28 20:44:59 CET 2021]; root of context hierarchy 
